A D/attr////
A D/base////
A D/canvas////
A D/color////
A D/cursor////
A D/defaults////
A D/dnd////
A D/file_chooser////
A D/filter////
A D/font////
A D/frame////
A D/fullscreen////
A D/help////
A D/icon////
A D/imcb////
A D/io_stream////
A D/menu////
A D/misc////
A D/notice////
A D/notify////
A D/openwin////
A D/panel////
A D/pw////
A D/rect////
A D/screen////
A D/scrollbar////
A D/sel////
A D/selection////
A D/server////
A D/server_image////
A D/string_utils////
A D/textsw////
A D/ttysw////
A D/win////
A D/window////
A D/wmgr////
